[2025-10-24 22:22:16,466][root][INFO] - gcc -pthread -B /home/dev/zbq/.conda/compiler_compat -fno-strict-overflow -Wsign-compare -DNDEBUG -O2 -Wall -fPIC -O2 -isystem /home/dev/zbq/.conda/include -fPIC -O2 -isystem /home/dev/zbq/.conda/include -fPIC -I/home/dev/software/ncurses/include -fPIC -fPIC -c /tmp/tmp9hbn17j0/test.c -o /tmp/tmp9hbn17j0/test.o
[2025-10-24 22:22:16,490][root][INFO] - gcc -pthread -B /home/dev/zbq/.conda/compiler_compat -L/home/dev/software/ncurses/lib /tmp/tmp9hbn17j0/test.o -laio -o /tmp/tmp9hbn17j0/a.out
[2025-10-24 22:22:16,791][root][INFO] - gcc -pthread -B /home/dev/zbq/.conda/compiler_compat -fno-strict-overflow -Wsign-compare -DNDEBUG -O2 -Wall -fPIC -O2 -isystem /home/dev/zbq/.conda/include -fPIC -O2 -isystem /home/dev/zbq/.conda/include -fPIC -I/home/dev/software/ncurses/include -fPIC -fPIC -c /tmp/tmpny14uydt/test.c -o /tmp/tmpny14uydt/test.o
[2025-10-24 22:22:16,816][root][INFO] - gcc -pthread -B /home/dev/zbq/.conda/compiler_compat -L/home/dev/software/ncurses/lib /tmp/tmpny14uydt/test.o -L/usr/local/cuda-12 -L/usr/local/cuda-12/lib64 -lcufile -o /tmp/tmpny14uydt/a.out
[2025-10-24 22:22:17,208][accelerate.utils.other][WARNING] - Detected kernel version 3.10.0, which is below the recommended minimum of 5.5.0; this can cause the process to hang. It is recommended to upgrade the kernel to the minimum version or higher.
[2025-10-24 22:22:17,211][__main__][INFO] - models:
  pretrained_model_name_or_path: /data1/dif/sd1-5
  revision: null
  variant: null
  resolution: 512
  image_interpolation_mode: lanczos
datasets:
  dataset_name: /data1/dif/non-finetune-lora/test_case/dataset
  dataset_config_name: null
  cache_dir: /data1/dif/non-finetune-lora/test_case/dataset
  train_data_dir: null
  image_column: image
  caption_column: text
  center_crop: true
  random_flip: true
  max_train_samples: null
  validation_prompt: an anime girl posing for a picture
losses:
  is_normal: true
seed: 42
noise_offset: 0.0
prediction_type: null
snr_gamma: null
gradient_accumulation_steps: 1
train_batch_size: 16
dataloader_num_workers: 0
max_train_steps: null
num_train_epochs: 100
max_grad_norm: 1.0
mixed_precision: bf16
resume_from_checkpoint: null
checkpointing_steps: 50
validation_epochs: 1
num_validation_images: 4
checkpoints_total_limit: null
gradient_checkpointing: true
learning_rate: 0.0001
use_8bit_adam: false
adam_beta1: 0.9
adam_beta2: 0.99
adam_weight_decay: 0.01
adam_epsilon: 1.0e-08
lr_scheduler: constant
lr_warmup_steps: 500
rank: 4
lora_alpha: 4
init_lora_weights: gaussian
target_modules:
- to_k
- to_q
- to_v
- to_out.0
output_dir: /data1/dif/nft_output/experiment_20251024_222206
logging_dir: ./logging
report_to: tensorboard

[2025-10-24 22:22:17,211][__main__][INFO] - Distributed environment: DistributedType.DEEPSPEED  Backend: nccl
Num processes: 1
Process index: 0
Local process index: 0
Device: cuda:0

Mixed precision type: bf16
ds_config: {'train_batch_size': 'auto', 'train_micro_batch_size_per_gpu': 'auto', 'gradient_accumulation_steps': 'auto', 'zero_optimization': {'stage': 2, 'offload_optimizer': {'device': 'none', 'nvme_path': None}, 'offload_param': {'device': 'none', 'nvme_path': None}, 'stage3_gather_16bit_weights_on_model_save': False}, 'gradient_clipping': 1.0, 'steps_per_print': inf, 'bf16': {'enabled': True}, 'fp16': {'enabled': False}}

[2025-10-24 22:22:23,772][__main__][INFO] - ***** Running training *****
[2025-10-24 22:22:23,772][__main__][INFO] -   Num examples = 60
[2025-10-24 22:22:23,772][__main__][INFO] -   Num Epochs = 100
[2025-10-24 22:22:23,772][__main__][INFO] -   Instantaneous batch size per device = 16
[2025-10-24 22:22:23,772][__main__][INFO] -   Total train batch size (w. parallel, distributed & accumulation) = 16
[2025-10-24 22:22:23,772][__main__][INFO] -   Gradient Accumulation steps = 1
[2025-10-24 22:22:23,772][__main__][INFO] -   Total optimization steps = 400
[2025-10-24 22:22:36,562][__main__][INFO] - Running validation... 
 Generating 4 images with prompt: an anime girl posing for a picture.
[2025-10-24 22:22:56,952][__main__][INFO] - Running validation... 
 Generating 4 images with prompt: an anime girl posing for a picture.
[2025-10-24 22:23:16,917][__main__][INFO] - Running validation... 
 Generating 4 images with prompt: an anime girl posing for a picture.
[2025-10-24 22:23:37,047][__main__][INFO] - Running validation... 
 Generating 4 images with prompt: an anime girl posing for a picture.
[2025-10-24 22:23:56,947][__main__][INFO] - Running validation... 
 Generating 4 images with prompt: an anime girl posing for a picture.
[2025-10-24 22:24:17,830][__main__][INFO] - Running validation... 
 Generating 4 images with prompt: an anime girl posing for a picture.
[2025-10-24 22:24:38,551][__main__][INFO] - Running validation... 
 Generating 4 images with prompt: an anime girl posing for a picture.
[2025-10-24 22:25:01,818][__main__][INFO] - Running validation... 
 Generating 4 images with prompt: an anime girl posing for a picture.
[2025-10-24 22:25:21,639][__main__][INFO] - Running validation... 
 Generating 4 images with prompt: an anime girl posing for a picture.
[2025-10-24 22:25:42,769][__main__][INFO] - Running validation... 
 Generating 4 images with prompt: an anime girl posing for a picture.
[2025-10-24 22:26:05,049][__main__][INFO] - Running validation... 
 Generating 4 images with prompt: an anime girl posing for a picture.
[2025-10-24 22:26:25,079][__main__][INFO] - Running validation... 
 Generating 4 images with prompt: an anime girl posing for a picture.
[2025-10-24 22:26:41,836][accelerate.accelerator][INFO] - Saving current state to /data1/dif/nft_output/experiment_20251024_222206/checkpoint-50
[2025-10-24 22:26:41,836][accelerate.accelerator][INFO] - Saving DeepSpeed Model and Optimizer
[2025-10-24 22:26:45,245][accelerate.accelerator][INFO] - DeepSpeed Model and Optimizer saved to output dir /data1/dif/nft_output/experiment_20251024_222206/checkpoint-50/pytorch_model
[2025-10-24 22:26:45,246][accelerate.checkpointing][INFO] - Scheduler state saved in /data1/dif/nft_output/experiment_20251024_222206/checkpoint-50/scheduler.bin
[2025-10-24 22:26:45,246][accelerate.checkpointing][INFO] - Sampler state for dataloader 0 saved in /data1/dif/nft_output/experiment_20251024_222206/checkpoint-50/sampler.bin
[2025-10-24 22:26:45,246][accelerate.checkpointing][INFO] - Random states saved in /data1/dif/nft_output/experiment_20251024_222206/checkpoint-50/random_states_0.pkl
[2025-10-24 22:26:45,265][__main__][INFO] - Saved state to /data1/dif/nft_output/experiment_20251024_222206/checkpoint-50
[2025-10-24 22:26:48,967][__main__][INFO] - Running validation... 
 Generating 4 images with prompt: an anime girl posing for a picture.
[2025-10-24 22:27:10,379][__main__][INFO] - Running validation... 
 Generating 4 images with prompt: an anime girl posing for a picture.
[2025-10-24 22:27:30,466][__main__][INFO] - Running validation... 
 Generating 4 images with prompt: an anime girl posing for a picture.
[2025-10-24 22:27:50,380][__main__][INFO] - Running validation... 
 Generating 4 images with prompt: an anime girl posing for a picture.
[2025-10-24 22:28:10,527][__main__][INFO] - Running validation... 
 Generating 4 images with prompt: an anime girl posing for a picture.
[2025-10-24 22:28:31,304][__main__][INFO] - Running validation... 
 Generating 4 images with prompt: an anime girl posing for a picture.
[2025-10-24 22:28:52,473][__main__][INFO] - Running validation... 
 Generating 4 images with prompt: an anime girl posing for a picture.
[2025-10-24 22:29:13,707][__main__][INFO] - Running validation... 
 Generating 4 images with prompt: an anime girl posing for a picture.
[2025-10-24 22:29:35,160][__main__][INFO] - Running validation... 
 Generating 4 images with prompt: an anime girl posing for a picture.
[2025-10-24 22:29:56,429][__main__][INFO] - Running validation... 
 Generating 4 images with prompt: an anime girl posing for a picture.
[2025-10-24 22:30:16,557][__main__][INFO] - Running validation... 
 Generating 4 images with prompt: an anime girl posing for a picture.
[2025-10-24 22:30:37,016][__main__][INFO] - Running validation... 
 Generating 4 images with prompt: an anime girl posing for a picture.
[2025-10-24 22:30:56,335][accelerate.accelerator][INFO] - Saving current state to /data1/dif/nft_output/experiment_20251024_222206/checkpoint-100
[2025-10-24 22:30:56,335][accelerate.accelerator][INFO] - Saving DeepSpeed Model and Optimizer
[2025-10-24 22:30:59,930][accelerate.accelerator][INFO] - DeepSpeed Model and Optimizer saved to output dir /data1/dif/nft_output/experiment_20251024_222206/checkpoint-100/pytorch_model
[2025-10-24 22:30:59,931][accelerate.checkpointing][INFO] - Scheduler state saved in /data1/dif/nft_output/experiment_20251024_222206/checkpoint-100/scheduler.bin
[2025-10-24 22:30:59,931][accelerate.checkpointing][INFO] - Sampler state for dataloader 0 saved in /data1/dif/nft_output/experiment_20251024_222206/checkpoint-100/sampler.bin
[2025-10-24 22:30:59,933][accelerate.checkpointing][INFO] - Random states saved in /data1/dif/nft_output/experiment_20251024_222206/checkpoint-100/random_states_0.pkl
[2025-10-24 22:30:59,965][__main__][INFO] - Saved state to /data1/dif/nft_output/experiment_20251024_222206/checkpoint-100
[2025-10-24 22:31:00,984][__main__][INFO] - Running validation... 
 Generating 4 images with prompt: an anime girl posing for a picture.
[2025-10-24 22:31:21,336][__main__][INFO] - Running validation... 
 Generating 4 images with prompt: an anime girl posing for a picture.
[2025-10-24 22:31:41,304][__main__][INFO] - Running validation... 
 Generating 4 images with prompt: an anime girl posing for a picture.
[2025-10-24 22:32:04,685][__main__][INFO] - Running validation... 
 Generating 4 images with prompt: an anime girl posing for a picture.
[2025-10-24 22:32:27,125][__main__][INFO] - Running validation... 
 Generating 4 images with prompt: an anime girl posing for a picture.
[2025-10-24 22:32:47,071][__main__][INFO] - Running validation... 
 Generating 4 images with prompt: an anime girl posing for a picture.
[2025-10-24 22:33:07,117][__main__][INFO] - Running validation... 
 Generating 4 images with prompt: an anime girl posing for a picture.
[2025-10-24 22:33:26,937][__main__][INFO] - Running validation... 
 Generating 4 images with prompt: an anime girl posing for a picture.
[2025-10-24 22:33:47,485][__main__][INFO] - Running validation... 
 Generating 4 images with prompt: an anime girl posing for a picture.
[2025-10-24 22:34:07,535][__main__][INFO] - Running validation... 
 Generating 4 images with prompt: an anime girl posing for a picture.
[2025-10-24 22:34:27,464][__main__][INFO] - Running validation... 
 Generating 4 images with prompt: an anime girl posing for a picture.
[2025-10-24 22:34:48,486][__main__][INFO] - Running validation... 
 Generating 4 images with prompt: an anime girl posing for a picture.
[2025-10-24 22:35:12,916][__main__][INFO] - Running validation... 
 Generating 4 images with prompt: an anime girl posing for a picture.
[2025-10-24 22:35:30,663][accelerate.accelerator][INFO] - Saving current state to /data1/dif/nft_output/experiment_20251024_222206/checkpoint-150
[2025-10-24 22:35:30,663][accelerate.accelerator][INFO] - Saving DeepSpeed Model and Optimizer
[2025-10-24 22:35:34,442][accelerate.accelerator][INFO] - DeepSpeed Model and Optimizer saved to output dir /data1/dif/nft_output/experiment_20251024_222206/checkpoint-150/pytorch_model
[2025-10-24 22:35:34,442][accelerate.checkpointing][INFO] - Scheduler state saved in /data1/dif/nft_output/experiment_20251024_222206/checkpoint-150/scheduler.bin
[2025-10-24 22:35:34,442][accelerate.checkpointing][INFO] - Sampler state for dataloader 0 saved in /data1/dif/nft_output/experiment_20251024_222206/checkpoint-150/sampler.bin
[2025-10-24 22:35:34,443][accelerate.checkpointing][INFO] - Random states saved in /data1/dif/nft_output/experiment_20251024_222206/checkpoint-150/random_states_0.pkl
[2025-10-24 22:35:34,462][__main__][INFO] - Saved state to /data1/dif/nft_output/experiment_20251024_222206/checkpoint-150
[2025-10-24 22:35:38,121][__main__][INFO] - Running validation... 
 Generating 4 images with prompt: an anime girl posing for a picture.
[2025-10-24 22:35:58,047][__main__][INFO] - Running validation... 
 Generating 4 images with prompt: an anime girl posing for a picture.
[2025-10-24 22:36:21,750][__main__][INFO] - Running validation... 
 Generating 4 images with prompt: an anime girl posing for a picture.
[2025-10-24 22:36:44,711][__main__][INFO] - Running validation... 
 Generating 4 images with prompt: an anime girl posing for a picture.
[2025-10-24 22:37:04,640][__main__][INFO] - Running validation... 
 Generating 4 images with prompt: an anime girl posing for a picture.
[2025-10-24 22:37:26,816][__main__][INFO] - Running validation... 
 Generating 4 images with prompt: an anime girl posing for a picture.
[2025-10-24 22:37:47,609][__main__][INFO] - Running validation... 
 Generating 4 images with prompt: an anime girl posing for a picture.
[2025-10-24 22:38:09,629][__main__][INFO] - Running validation... 
 Generating 4 images with prompt: an anime girl posing for a picture.
[2025-10-24 22:38:31,630][__main__][INFO] - Running validation... 
 Generating 4 images with prompt: an anime girl posing for a picture.
[2025-10-24 22:38:52,989][__main__][INFO] - Running validation... 
 Generating 4 images with prompt: an anime girl posing for a picture.
[2025-10-24 22:39:13,261][__main__][INFO] - Running validation... 
 Generating 4 images with prompt: an anime girl posing for a picture.
[2025-10-24 22:39:34,423][__main__][INFO] - Running validation... 
 Generating 4 images with prompt: an anime girl posing for a picture.
[2025-10-24 22:39:55,268][accelerate.accelerator][INFO] - Saving current state to /data1/dif/nft_output/experiment_20251024_222206/checkpoint-200
[2025-10-24 22:39:55,268][accelerate.accelerator][INFO] - Saving DeepSpeed Model and Optimizer
[2025-10-24 22:39:59,041][accelerate.accelerator][INFO] - DeepSpeed Model and Optimizer saved to output dir /data1/dif/nft_output/experiment_20251024_222206/checkpoint-200/pytorch_model
[2025-10-24 22:39:59,041][accelerate.checkpointing][INFO] - Scheduler state saved in /data1/dif/nft_output/experiment_20251024_222206/checkpoint-200/scheduler.bin
[2025-10-24 22:39:59,041][accelerate.checkpointing][INFO] - Sampler state for dataloader 0 saved in /data1/dif/nft_output/experiment_20251024_222206/checkpoint-200/sampler.bin
[2025-10-24 22:39:59,042][accelerate.checkpointing][INFO] - Random states saved in /data1/dif/nft_output/experiment_20251024_222206/checkpoint-200/random_states_0.pkl
[2025-10-24 22:39:59,060][__main__][INFO] - Saved state to /data1/dif/nft_output/experiment_20251024_222206/checkpoint-200
[2025-10-24 22:39:59,965][__main__][INFO] - Running validation... 
 Generating 4 images with prompt: an anime girl posing for a picture.
[2025-10-24 22:40:21,986][__main__][INFO] - Running validation... 
 Generating 4 images with prompt: an anime girl posing for a picture.
[2025-10-24 22:40:45,135][__main__][INFO] - Running validation... 
 Generating 4 images with prompt: an anime girl posing for a picture.
[2025-10-24 22:41:08,449][__main__][INFO] - Running validation... 
 Generating 4 images with prompt: an anime girl posing for a picture.
[2025-10-24 22:41:28,677][__main__][INFO] - Running validation... 
 Generating 4 images with prompt: an anime girl posing for a picture.
[2025-10-24 22:41:48,783][__main__][INFO] - Running validation... 
 Generating 4 images with prompt: an anime girl posing for a picture.
[2025-10-24 22:42:08,789][__main__][INFO] - Running validation... 
 Generating 4 images with prompt: an anime girl posing for a picture.
[2025-10-24 22:42:28,624][__main__][INFO] - Running validation... 
 Generating 4 images with prompt: an anime girl posing for a picture.
[2025-10-24 22:42:49,962][__main__][INFO] - Running validation... 
 Generating 4 images with prompt: an anime girl posing for a picture.
[2025-10-24 22:43:10,077][__main__][INFO] - Running validation... 
 Generating 4 images with prompt: an anime girl posing for a picture.
[2025-10-24 22:43:32,690][__main__][INFO] - Running validation... 
 Generating 4 images with prompt: an anime girl posing for a picture.
[2025-10-24 22:43:52,592][__main__][INFO] - Running validation... 
 Generating 4 images with prompt: an anime girl posing for a picture.
[2025-10-24 22:44:14,372][__main__][INFO] - Running validation... 
 Generating 4 images with prompt: an anime girl posing for a picture.
[2025-10-24 22:44:31,058][accelerate.accelerator][INFO] - Saving current state to /data1/dif/nft_output/experiment_20251024_222206/checkpoint-250
[2025-10-24 22:44:31,058][accelerate.accelerator][INFO] - Saving DeepSpeed Model and Optimizer
[2025-10-24 22:44:34,319][accelerate.accelerator][INFO] - DeepSpeed Model and Optimizer saved to output dir /data1/dif/nft_output/experiment_20251024_222206/checkpoint-250/pytorch_model
[2025-10-24 22:44:34,320][accelerate.checkpointing][INFO] - Scheduler state saved in /data1/dif/nft_output/experiment_20251024_222206/checkpoint-250/scheduler.bin
[2025-10-24 22:44:34,320][accelerate.checkpointing][INFO] - Sampler state for dataloader 0 saved in /data1/dif/nft_output/experiment_20251024_222206/checkpoint-250/sampler.bin
[2025-10-24 22:44:34,320][accelerate.checkpointing][INFO] - Random states saved in /data1/dif/nft_output/experiment_20251024_222206/checkpoint-250/random_states_0.pkl
[2025-10-24 22:44:34,340][__main__][INFO] - Saved state to /data1/dif/nft_output/experiment_20251024_222206/checkpoint-250
[2025-10-24 22:44:37,775][__main__][INFO] - Running validation... 
 Generating 4 images with prompt: an anime girl posing for a picture.
[2025-10-24 22:44:58,256][__main__][INFO] - Running validation... 
 Generating 4 images with prompt: an anime girl posing for a picture.
[2025-10-24 22:45:18,274][__main__][INFO] - Running validation... 
 Generating 4 images with prompt: an anime girl posing for a picture.
[2025-10-24 22:45:38,617][__main__][INFO] - Running validation... 
 Generating 4 images with prompt: an anime girl posing for a picture.
[2025-10-24 22:45:58,610][__main__][INFO] - Running validation... 
 Generating 4 images with prompt: an anime girl posing for a picture.
[2025-10-24 22:46:18,951][__main__][INFO] - Running validation... 
 Generating 4 images with prompt: an anime girl posing for a picture.
[2025-10-24 22:46:38,755][__main__][INFO] - Running validation... 
 Generating 4 images with prompt: an anime girl posing for a picture.
[2025-10-24 22:46:59,028][__main__][INFO] - Running validation... 
 Generating 4 images with prompt: an anime girl posing for a picture.
[2025-10-24 22:47:20,086][__main__][INFO] - Running validation... 
 Generating 4 images with prompt: an anime girl posing for a picture.
[2025-10-24 22:47:40,938][__main__][INFO] - Running validation... 
 Generating 4 images with prompt: an anime girl posing for a picture.
[2025-10-24 22:48:01,019][__main__][INFO] - Running validation... 
 Generating 4 images with prompt: an anime girl posing for a picture.
[2025-10-24 22:48:21,342][__main__][INFO] - Running validation... 
 Generating 4 images with prompt: an anime girl posing for a picture.
[2025-10-24 22:48:40,124][accelerate.accelerator][INFO] - Saving current state to /data1/dif/nft_output/experiment_20251024_222206/checkpoint-300
[2025-10-24 22:48:40,124][accelerate.accelerator][INFO] - Saving DeepSpeed Model and Optimizer
[2025-10-24 22:48:44,400][accelerate.accelerator][INFO] - DeepSpeed Model and Optimizer saved to output dir /data1/dif/nft_output/experiment_20251024_222206/checkpoint-300/pytorch_model
[2025-10-24 22:48:44,400][accelerate.checkpointing][INFO] - Scheduler state saved in /data1/dif/nft_output/experiment_20251024_222206/checkpoint-300/scheduler.bin
[2025-10-24 22:48:44,400][accelerate.checkpointing][INFO] - Sampler state for dataloader 0 saved in /data1/dif/nft_output/experiment_20251024_222206/checkpoint-300/sampler.bin
[2025-10-24 22:48:44,402][accelerate.checkpointing][INFO] - Random states saved in /data1/dif/nft_output/experiment_20251024_222206/checkpoint-300/random_states_0.pkl
[2025-10-24 22:48:44,440][__main__][INFO] - Saved state to /data1/dif/nft_output/experiment_20251024_222206/checkpoint-300
[2025-10-24 22:48:45,675][__main__][INFO] - Running validation... 
 Generating 4 images with prompt: an anime girl posing for a picture.
[2025-10-24 22:49:05,626][__main__][INFO] - Running validation... 
 Generating 4 images with prompt: an anime girl posing for a picture.
[2025-10-24 22:49:25,796][__main__][INFO] - Running validation... 
 Generating 4 images with prompt: an anime girl posing for a picture.
[2025-10-24 22:49:49,100][__main__][INFO] - Running validation... 
 Generating 4 images with prompt: an anime girl posing for a picture.
[2025-10-24 22:50:09,240][__main__][INFO] - Running validation... 
 Generating 4 images with prompt: an anime girl posing for a picture.
[2025-10-24 22:50:31,060][__main__][INFO] - Running validation... 
 Generating 4 images with prompt: an anime girl posing for a picture.
[2025-10-24 22:50:52,787][__main__][INFO] - Running validation... 
 Generating 4 images with prompt: an anime girl posing for a picture.
[2025-10-24 22:51:12,949][__main__][INFO] - Running validation... 
 Generating 4 images with prompt: an anime girl posing for a picture.
[2025-10-24 22:51:32,900][__main__][INFO] - Running validation... 
 Generating 4 images with prompt: an anime girl posing for a picture.
[2025-10-24 22:51:54,011][__main__][INFO] - Running validation... 
 Generating 4 images with prompt: an anime girl posing for a picture.
[2025-10-24 22:52:17,493][__main__][INFO] - Running validation... 
 Generating 4 images with prompt: an anime girl posing for a picture.
[2025-10-24 22:52:38,790][__main__][INFO] - Running validation... 
 Generating 4 images with prompt: an anime girl posing for a picture.
[2025-10-24 22:52:59,013][__main__][INFO] - Running validation... 
 Generating 4 images with prompt: an anime girl posing for a picture.
[2025-10-24 22:53:17,320][accelerate.accelerator][INFO] - Saving current state to /data1/dif/nft_output/experiment_20251024_222206/checkpoint-350
[2025-10-24 22:53:17,320][accelerate.accelerator][INFO] - Saving DeepSpeed Model and Optimizer
[2025-10-24 22:53:20,512][accelerate.accelerator][INFO] - DeepSpeed Model and Optimizer saved to output dir /data1/dif/nft_output/experiment_20251024_222206/checkpoint-350/pytorch_model
[2025-10-24 22:53:20,512][accelerate.checkpointing][INFO] - Scheduler state saved in /data1/dif/nft_output/experiment_20251024_222206/checkpoint-350/scheduler.bin
[2025-10-24 22:53:20,512][accelerate.checkpointing][INFO] - Sampler state for dataloader 0 saved in /data1/dif/nft_output/experiment_20251024_222206/checkpoint-350/sampler.bin
[2025-10-24 22:53:20,513][accelerate.checkpointing][INFO] - Random states saved in /data1/dif/nft_output/experiment_20251024_222206/checkpoint-350/random_states_0.pkl
[2025-10-24 22:53:20,532][__main__][INFO] - Saved state to /data1/dif/nft_output/experiment_20251024_222206/checkpoint-350
[2025-10-24 22:53:23,956][__main__][INFO] - Running validation... 
 Generating 4 images with prompt: an anime girl posing for a picture.
[2025-10-24 22:53:44,087][__main__][INFO] - Running validation... 
 Generating 4 images with prompt: an anime girl posing for a picture.
[2025-10-24 22:54:05,645][__main__][INFO] - Running validation... 
 Generating 4 images with prompt: an anime girl posing for a picture.
[2025-10-24 22:54:25,680][__main__][INFO] - Running validation... 
 Generating 4 images with prompt: an anime girl posing for a picture.
[2025-10-24 22:54:45,504][__main__][INFO] - Running validation... 
 Generating 4 images with prompt: an anime girl posing for a picture.
[2025-10-24 22:55:05,342][__main__][INFO] - Running validation... 
 Generating 4 images with prompt: an anime girl posing for a picture.
[2025-10-24 22:55:25,234][__main__][INFO] - Running validation... 
 Generating 4 images with prompt: an anime girl posing for a picture.
[2025-10-24 22:55:45,483][__main__][INFO] - Running validation... 
 Generating 4 images with prompt: an anime girl posing for a picture.
[2025-10-24 22:56:05,836][__main__][INFO] - Running validation... 
 Generating 4 images with prompt: an anime girl posing for a picture.
[2025-10-24 22:56:26,404][__main__][INFO] - Running validation... 
 Generating 4 images with prompt: an anime girl posing for a picture.
[2025-10-24 22:56:46,964][__main__][INFO] - Running validation... 
 Generating 4 images with prompt: an anime girl posing for a picture.
[2025-10-24 22:57:07,570][__main__][INFO] - Running validation... 
 Generating 4 images with prompt: an anime girl posing for a picture.
[2025-10-24 22:57:27,870][accelerate.accelerator][INFO] - Saving current state to /data1/dif/nft_output/experiment_20251024_222206/checkpoint-400
[2025-10-24 22:57:27,871][accelerate.accelerator][INFO] - Saving DeepSpeed Model and Optimizer
[2025-10-24 22:57:31,116][accelerate.accelerator][INFO] - DeepSpeed Model and Optimizer saved to output dir /data1/dif/nft_output/experiment_20251024_222206/checkpoint-400/pytorch_model
[2025-10-24 22:57:31,116][accelerate.checkpointing][INFO] - Scheduler state saved in /data1/dif/nft_output/experiment_20251024_222206/checkpoint-400/scheduler.bin
[2025-10-24 22:57:31,116][accelerate.checkpointing][INFO] - Sampler state for dataloader 0 saved in /data1/dif/nft_output/experiment_20251024_222206/checkpoint-400/sampler.bin
[2025-10-24 22:57:31,117][accelerate.checkpointing][INFO] - Random states saved in /data1/dif/nft_output/experiment_20251024_222206/checkpoint-400/random_states_0.pkl
[2025-10-24 22:57:31,136][__main__][INFO] - Saved state to /data1/dif/nft_output/experiment_20251024_222206/checkpoint-400
[2025-10-24 22:57:32,123][__main__][INFO] - Running validation... 
 Generating 4 images with prompt: an anime girl posing for a picture.
[2025-10-24 22:57:44,099][__main__][INFO] - Running validation... 
 Generating 4 images with prompt: an anime girl posing for a picture.
